This is pdfTeX, Version 3.1415926-2.5-1.40.14 (TeX Live 2013/Debian) (format=pdflatex 2015.7.3)  8 NOV 2015 10:50
entering extended mode
 restricted \write18 enabled.
 %&-line parsing enabled.
**"Notebook C++.tex"
(./Notebook C++.tex
LaTeX2e <2011/06/27>
Babel <3.9h> and hyphenation patterns for 78 languages loaded.
(/usr/share/texlive/texmf-dist/tex/latex/base/article.cls
Document Class: article 2007/10/19 v1.4h Standard LaTeX document class
(/usr/share/texlive/texmf-dist/tex/latex/base/size11.clo
File: size11.clo 2007/10/19 v1.4h Standard LaTeX file (size option)
)
\c@part=\count79
\c@section=\count80
\c@subsection=\count81
\c@subsubsection=\count82
\c@paragraph=\count83
\c@subparagraph=\count84
\c@figure=\count85
\c@table=\count86
\abovecaptionskip=\skip41
\belowcaptionskip=\skip42
\bibindent=\dimen102
)
(/usr/share/texlive/texmf-dist/tex/latex/base/inputenc.sty
Package: inputenc 2008/03/30 v1.1d Input encoding file
\inpenc@prehook=\toks14
\inpenc@posthook=\toks15

(/usr/share/texlive/texmf-dist/tex/latex/base/utf8.def
File: utf8.def 2008/04/05 v1.1m UTF-8 support for inputenc
Now handling font encoding OML ...
... no UTF-8 mapping file for font encoding OML
Now handling font encoding T1 ...
... processing UTF-8 mapping file for font encoding T1

(/usr/share/texlive/texmf-dist/tex/latex/base/t1enc.dfu
File: t1enc.dfu 2008/04/05 v1.1m UTF-8 support for inputenc
   defining Unicode char U+00A1 (decimal 161)
   defining Unicode char U+00A3 (decimal 163)
   defining Unicode char U+00AB (decimal 171)
   defining Unicode char U+00BB (decimal 187)
   defining Unicode char U+00BF (decimal 191)
   defining Unicode char U+00C0 (decimal 192)
   defining Unicode char U+00C1 (decimal 193)
   defining Unicode char U+00C2 (decimal 194)
   defining Unicode char U+00C3 (decimal 195)
   defining Unicode char U+00C4 (decimal 196)
   defining Unicode char U+00C5 (decimal 197)
   defining Unicode char U+00C6 (decimal 198)
   defining Unicode char U+00C7 (decimal 199)
   defining Unicode char U+00C8 (decimal 200)
   defining Unicode char U+00C9 (decimal 201)
   defining Unicode char U+00CA (decimal 202)
   defining Unicode char U+00CB (decimal 203)
   defining Unicode char U+00CC (decimal 204)
   defining Unicode char U+00CD (decimal 205)
   defining Unicode char U+00CE (decimal 206)
   defining Unicode char U+00CF (decimal 207)
   defining Unicode char U+00D0 (decimal 208)
   defining Unicode char U+00D1 (decimal 209)
   defining Unicode char U+00D2 (decimal 210)
   defining Unicode char U+00D3 (decimal 211)
   defining Unicode char U+00D4 (decimal 212)
   defining Unicode char U+00D5 (decimal 213)
   defining Unicode char U+00D6 (decimal 214)
   defining Unicode char U+00D8 (decimal 216)
   defining Unicode char U+00D9 (decimal 217)
   defining Unicode char U+00DA (decimal 218)
   defining Unicode char U+00DB (decimal 219)
   defining Unicode char U+00DC (decimal 220)
   defining Unicode char U+00DD (decimal 221)
   defining Unicode char U+00DE (decimal 222)
   defining Unicode char U+00DF (decimal 223)
   defining Unicode char U+00E0 (decimal 224)
   defining Unicode char U+00E1 (decimal 225)
   defining Unicode char U+00E2 (decimal 226)
   defining Unicode char U+00E3 (decimal 227)
   defining Unicode char U+00E4 (decimal 228)
   defining Unicode char U+00E5 (decimal 229)
   defining Unicode char U+00E6 (decimal 230)
   defining Unicode char U+00E7 (decimal 231)
   defining Unicode char U+00E8 (decimal 232)
   defining Unicode char U+00E9 (decimal 233)
   defining Unicode char U+00EA (decimal 234)
   defining Unicode char U+00EB (decimal 235)
   defining Unicode char U+00EC (decimal 236)
   defining Unicode char U+00ED (decimal 237)
   defining Unicode char U+00EE (decimal 238)
   defining Unicode char U+00EF (decimal 239)
   defining Unicode char U+00F0 (decimal 240)
   defining Unicode char U+00F1 (decimal 241)
   defining Unicode char U+00F2 (decimal 242)
   defining Unicode char U+00F3 (decimal 243)
   defining Unicode char U+00F4 (decimal 244)
   defining Unicode char U+00F5 (decimal 245)
   defining Unicode char U+00F6 (decimal 246)
   defining Unicode char U+00F8 (decimal 248)
   defining Unicode char U+00F9 (decimal 249)
   defining Unicode char U+00FA (decimal 250)
   defining Unicode char U+00FB (decimal 251)
   defining Unicode char U+00FC (decimal 252)
   defining Unicode char U+00FD (decimal 253)
   defining Unicode char U+00FE (decimal 254)
   defining Unicode char U+00FF (decimal 255)
   defining Unicode char U+0102 (decimal 258)
   defining Unicode char U+0103 (decimal 259)
   defining Unicode char U+0104 (decimal 260)
   defining Unicode char U+0105 (decimal 261)
   defining Unicode char U+0106 (decimal 262)
   defining Unicode char U+0107 (decimal 263)
   defining Unicode char U+010C (decimal 268)
   defining Unicode char U+010D (decimal 269)
   defining Unicode char U+010E (decimal 270)
   defining Unicode char U+010F (decimal 271)
   defining Unicode char U+0110 (decimal 272)
   defining Unicode char U+0111 (decimal 273)
   defining Unicode char U+0118 (decimal 280)
   defining Unicode char U+0119 (decimal 281)
   defining Unicode char U+011A (decimal 282)
   defining Unicode char U+011B (decimal 283)
   defining Unicode char U+011E (decimal 286)
   defining Unicode char U+011F (decimal 287)
   defining Unicode char U+0130 (decimal 304)
   defining Unicode char U+0131 (decimal 305)
   defining Unicode char U+0132 (decimal 306)
   defining Unicode char U+0133 (decimal 307)
   defining Unicode char U+0139 (decimal 313)
   defining Unicode char U+013A (decimal 314)
   defining Unicode char U+013D (decimal 317)
   defining Unicode char U+013E (decimal 318)
   defining Unicode char U+0141 (decimal 321)
   defining Unicode char U+0142 (decimal 322)
   defining Unicode char U+0143 (decimal 323)
   defining Unicode char U+0144 (decimal 324)
   defining Unicode char U+0147 (decimal 327)
   defining Unicode char U+0148 (decimal 328)
   defining Unicode char U+014A (decimal 330)
   defining Unicode char U+014B (decimal 331)
   defining Unicode char U+0150 (decimal 336)
   defining Unicode char U+0151 (decimal 337)
   defining Unicode char U+0152 (decimal 338)
   defining Unicode char U+0153 (decimal 339)
   defining Unicode char U+0154 (decimal 340)
   defining Unicode char U+0155 (decimal 341)
   defining Unicode char U+0158 (decimal 344)
   defining Unicode char U+0159 (decimal 345)
   defining Unicode char U+015A (decimal 346)
   defining Unicode char U+015B (decimal 347)
   defining Unicode char U+015E (decimal 350)
   defining Unicode char U+015F (decimal 351)
   defining Unicode char U+0160 (decimal 352)
   defining Unicode char U+0161 (decimal 353)
   defining Unicode char U+0162 (decimal 354)
   defining Unicode char U+0163 (decimal 355)
   defining Unicode char U+0164 (decimal 356)
   defining Unicode char U+0165 (decimal 357)
   defining Unicode char U+016E (decimal 366)
   defining Unicode char U+016F (decimal 367)
   defining Unicode char U+0170 (decimal 368)
   defining Unicode char U+0171 (decimal 369)
   defining Unicode char U+0178 (decimal 376)
   defining Unicode char U+0179 (decimal 377)
   defining Unicode char U+017A (decimal 378)
   defining Unicode char U+017B (decimal 379)
   defining Unicode char U+017C (decimal 380)
   defining Unicode char U+017D (decimal 381)
   defining Unicode char U+017E (decimal 382)
   defining Unicode char U+200C (decimal 8204)
   defining Unicode char U+2013 (decimal 8211)
   defining Unicode char U+2014 (decimal 8212)
   defining Unicode char U+2018 (decimal 8216)
   defining Unicode char U+2019 (decimal 8217)
   defining Unicode char U+201A (decimal 8218)
   defining Unicode char U+201C (decimal 8220)
   defining Unicode char U+201D (decimal 8221)
   defining Unicode char U+201E (decimal 8222)
   defining Unicode char U+2030 (decimal 8240)
   defining Unicode char U+2031 (decimal 8241)
   defining Unicode char U+2039 (decimal 8249)
   defining Unicode char U+203A (decimal 8250)
   defining Unicode char U+2423 (decimal 9251)
)
Now handling font encoding OT1 ...
... processing UTF-8 mapping file for font encoding OT1

(/usr/share/texlive/texmf-dist/tex/latex/base/ot1enc.dfu
File: ot1enc.dfu 2008/04/05 v1.1m UTF-8 support for inputenc
   defining Unicode char U+00A1 (decimal 161)
   defining Unicode char U+00A3 (decimal 163)
   defining Unicode char U+00B8 (decimal 184)
   defining Unicode char U+00BF (decimal 191)
   defining Unicode char U+00C5 (decimal 197)
   defining Unicode char U+00C6 (decimal 198)
   defining Unicode char U+00D8 (decimal 216)
   defining Unicode char U+00DF (decimal 223)
   defining Unicode char U+00E6 (decimal 230)
   defining Unicode char U+00EC (decimal 236)
   defining Unicode char U+00ED (decimal 237)
   defining Unicode char U+00EE (decimal 238)
   defining Unicode char U+00EF (decimal 239)
   defining Unicode char U+00F8 (decimal 248)
   defining Unicode char U+0131 (decimal 305)
   defining Unicode char U+0141 (decimal 321)
   defining Unicode char U+0142 (decimal 322)
   defining Unicode char U+0152 (decimal 338)
   defining Unicode char U+0153 (decimal 339)
   defining Unicode char U+2013 (decimal 8211)
   defining Unicode char U+2014 (decimal 8212)
   defining Unicode char U+2018 (decimal 8216)
   defining Unicode char U+2019 (decimal 8217)
   defining Unicode char U+201C (decimal 8220)
   defining Unicode char U+201D (decimal 8221)
)
Now handling font encoding OMS ...
... processing UTF-8 mapping file for font encoding OMS

(/usr/share/texlive/texmf-dist/tex/latex/base/omsenc.dfu
File: omsenc.dfu 2008/04/05 v1.1m UTF-8 support for inputenc
   defining Unicode char U+00A7 (decimal 167)
   defining Unicode char U+00B6 (decimal 182)
   defining Unicode char U+00B7 (decimal 183)
   defining Unicode char U+2020 (decimal 8224)
   defining Unicode char U+2021 (decimal 8225)
   defining Unicode char U+2022 (decimal 8226)
)
Now handling font encoding OMX ...
... no UTF-8 mapping file for font encoding OMX
Now handling font encoding U ...
... no UTF-8 mapping file for font encoding U
   defining Unicode char U+00A9 (decimal 169)
   defining Unicode char U+00AA (decimal 170)
   defining Unicode char U+00AE (decimal 174)
   defining Unicode char U+00BA (decimal 186)
   defining Unicode char U+02C6 (decimal 710)
   defining Unicode char U+02DC (decimal 732)
   defining Unicode char U+200C (decimal 8204)
   defining Unicode char U+2026 (decimal 8230)
   defining Unicode char U+2122 (decimal 8482)
   defining Unicode char U+2423 (decimal 9251)
))
(/usr/share/texlive/texmf-dist/tex/generic/babel/babel.sty
Package: babel 2013/12/03 3.9h The Babel package

(/usr/share/texlive/texmf-dist/tex/generic/babel-spanish/spanish.ldf
Language: spanish.ldf 2014/01/29 v5.0m Spanish support from the babel system

(/usr/share/texlive/texmf-dist/tex/generic/babel/babel.def
File: babel.def 2013/12/03 3.9h Babel common definitions
\babel@savecnt=\count87
\U@D=\dimen103
)
\es@datefmt=\count88
\es@quottoks=\toks16
\es@quotdepth=\count89
Package babel Info: Making " an active character on input line 496.
Package babel Info: Making . an active character on input line 599.
Package babel Info: Making < an active character on input line 644.
Package babel Info: Making > an active character on input line 644.
))
(/usr/share/texlive/texmf-dist/tex/latex/listings/listings.sty
(/usr/share/texlive/texmf-dist/tex/latex/graphics/keyval.sty
Package: keyval 1999/03/16 v1.13 key=value parser (DPC)
\KV@toks@=\toks17
)
\lst@mode=\count90
\lst@gtempboxa=\box26
\lst@token=\toks18
\lst@length=\count91
\lst@currlwidth=\dimen104
\lst@column=\count92
\lst@pos=\count93
\lst@lostspace=\dimen105
\lst@width=\dimen106
\lst@newlines=\count94
\lst@lineno=\count95
\lst@maxwidth=\dimen107

(/usr/share/texlive/texmf-dist/tex/latex/listings/lstmisc.sty
File: lstmisc.sty 2013/08/26 1.5b (Carsten Heinz)
\c@lstnumber=\count96
\lst@skipnumbers=\count97
\lst@framebox=\box27
)
(/usr/share/texlive/texmf-dist/tex/latex/listings/listings.cfg
File: listings.cfg 2013/08/26 1.5b listings configuration
))
Package: listings 2013/08/26 1.5b (Carsten Heinz)

(/usr/share/texlive/texmf-dist/tex/latex/graphics/color.sty
Package: color 2005/11/14 v1.0j Standard LaTeX Color (DPC)

(/usr/share/texlive/texmf-dist/tex/latex/latexconfig/color.cfg
File: color.cfg 2007/01/18 v1.5 color configuration of teTeX/TeXLive
)
Package color Info: Driver file: pdftex.def on input line 130.

(/usr/share/texlive/texmf-dist/tex/latex/pdftex-def/pdftex.def
File: pdftex.def 2011/05/27 v0.06d Graphics/color for pdfTeX

(/usr/share/texlive/texmf-dist/tex/generic/oberdiek/infwarerr.sty
Package: infwarerr 2010/04/08 v1.3 Providing info/warning/error messages (HO)
)
(/usr/share/texlive/texmf-dist/tex/generic/oberdiek/ltxcmds.sty
Package: ltxcmds 2011/11/09 v1.22 LaTeX kernel commands for general use (HO)
)
\Gread@gobject=\count98
)
(/usr/share/texlive/texmf-dist/tex/latex/graphics/dvipsnam.def
File: dvipsnam.def 1999/02/16 v3.0i Driver-dependant file (DPC,SPQR)
))
(/usr/share/texlive/texmf-dist/tex/latex/amsmath/amsmath.sty
Package: amsmath 2013/01/14 v2.14 AMS math features
\@mathmargin=\skip43

For additional information on amsmath, use the `?' option.
(/usr/share/texlive/texmf-dist/tex/latex/amsmath/amstext.sty
Package: amstext 2000/06/29 v2.01

(/usr/share/texlive/texmf-dist/tex/latex/amsmath/amsgen.sty
File: amsgen.sty 1999/11/30 v2.0
\@emptytoks=\toks19
\ex@=\dimen108
))
(/usr/share/texlive/texmf-dist/tex/latex/amsmath/amsbsy.sty
Package: amsbsy 1999/11/29 v1.2d
\pmbraise@=\dimen109
)
(/usr/share/texlive/texmf-dist/tex/latex/amsmath/amsopn.sty
Package: amsopn 1999/12/14 v2.01 operator names
)
\inf@bad=\count99
LaTeX Info: Redefining \frac on input line 210.
\uproot@=\count100
\leftroot@=\count101
LaTeX Info: Redefining \overline on input line 306.
\classnum@=\count102
\DOTSCASE@=\count103
LaTeX Info: Redefining \ldots on input line 378.
LaTeX Info: Redefining \dots on input line 381.
LaTeX Info: Redefining \cdots on input line 466.
\Mathstrutbox@=\box28
\strutbox@=\box29
\big@size=\dimen110
LaTeX Font Info:    Redeclaring font encoding OML on input line 566.
LaTeX Font Info:    Redeclaring font encoding OMS on input line 567.
\macc@depth=\count104
\c@MaxMatrixCols=\count105
\dotsspace@=\muskip10
\c@parentequation=\count106
\dspbrk@lvl=\count107
\tag@help=\toks20
\row@=\count108
\column@=\count109
\maxfields@=\count110
\andhelp@=\toks21
\eqnshift@=\dimen111
\alignsep@=\dimen112
\tagshift@=\dimen113
\tagwidth@=\dimen114
\totwidth@=\dimen115
\lineht@=\dimen116
\@envbody=\toks22
\multlinegap=\skip44
\multlinetaggap=\skip45
\mathdisplay@stack=\toks23
LaTeX Info: Redefining \[ on input line 2665.
LaTeX Info: Redefining \] on input line 2666.
)
(/usr/share/texlive/texmf-dist/tex/latex/tools/verbatim.sty
Package: verbatim 2003/08/22 v1.5q LaTeX2e package for verbatim enhancements
\every@verbatim=\toks24
\verbatim@line=\toks25
\verbatim@in@stream=\read1
)
(/usr/share/texlive/texmf-dist/tex/latex/hyperref/hyperref.sty
Package: hyperref 2012/11/06 v6.83m Hypertext links for LaTeX

(/usr/share/texlive/texmf-dist/tex/generic/oberdiek/hobsub-hyperref.sty
Package: hobsub-hyperref 2012/05/28 v1.13 Bundle oberdiek, subset hyperref (HO)


(/usr/share/texlive/texmf-dist/tex/generic/oberdiek/hobsub-generic.sty
Package: hobsub-generic 2012/05/28 v1.13 Bundle oberdiek, subset generic (HO)
Package: hobsub 2012/05/28 v1.13 Construct package bundles (HO)
Package hobsub Info: Skipping package `infwarerr' (already loaded).
Package hobsub Info: Skipping package `ltxcmds' (already loaded).
Package: ifluatex 2010/03/01 v1.3 Provides the ifluatex switch (HO)
Package ifluatex Info: LuaTeX not detected.
Package: ifvtex 2010/03/01 v1.5 Detect VTeX and its facilities (HO)
Package ifvtex Info: VTeX not detected.
Package: intcalc 2007/09/27 v1.1 Expandable calculations with integers (HO)
Package: ifpdf 2011/01/30 v2.3 Provides the ifpdf switch (HO)
Package ifpdf Info: pdfTeX in PDF mode is detected.
Package: etexcmds 2011/02/16 v1.5 Avoid name clashes with e-TeX commands (HO)
Package etexcmds Info: Could not find \expanded.
(etexcmds)             That can mean that you are not using pdfTeX 1.50 or
(etexcmds)             that some package has redefined \expanded.
(etexcmds)             In the latter case, load this package earlier.
Package: kvsetkeys 2012/04/25 v1.16 Key value parser (HO)
Package: kvdefinekeys 2011/04/07 v1.3 Define keys (HO)
Package: pdftexcmds 2011/11/29 v0.20 Utility functions of pdfTeX for LuaTeX (HO
)
Package pdftexcmds Info: LuaTeX not detected.
Package pdftexcmds Info: \pdf@primitive is available.
Package pdftexcmds Info: \pdf@ifprimitive is available.
Package pdftexcmds Info: \pdfdraftmode found.
Package: pdfescape 2011/11/25 v1.13 Implements pdfTeX's escape features (HO)
Package: bigintcalc 2012/04/08 v1.3 Expandable calculations on big integers (HO
)
Package: bitset 2011/01/30 v1.1 Handle bit-vector datatype (HO)
Package: uniquecounter 2011/01/30 v1.2 Provide unlimited unique counter (HO)
)
Package hobsub Info: Skipping package `hobsub' (already loaded).
Package: letltxmacro 2010/09/02 v1.4 Let assignment for LaTeX macros (HO)
Package: hopatch 2012/05/28 v1.2 Wrapper for package hooks (HO)
Package: xcolor-patch 2011/01/30 xcolor patch
Package: atveryend 2011/06/30 v1.8 Hooks at the very end of document (HO)
Package atveryend Info: \enddocument detected (standard20110627).
Package: atbegshi 2011/10/05 v1.16 At begin shipout hook (HO)
Package: refcount 2011/10/16 v3.4 Data extraction from label references (HO)
Package: hycolor 2011/01/30 v1.7 Color options for hyperref/bookmark (HO)
)
(/usr/share/texlive/texmf-dist/tex/generic/ifxetex/ifxetex.sty
Package: ifxetex 2010/09/12 v0.6 Provides ifxetex conditional
)
(/usr/share/texlive/texmf-dist/tex/latex/oberdiek/auxhook.sty
Package: auxhook 2011/03/04 v1.3 Hooks for auxiliary files (HO)
)
(/usr/share/texlive/texmf-dist/tex/latex/oberdiek/kvoptions.sty
Package: kvoptions 2011/06/30 v3.11 Key value format for package options (HO)
)
\@linkdim=\dimen117
\Hy@linkcounter=\count111
\Hy@pagecounter=\count112

(/usr/share/texlive/texmf-dist/tex/latex/hyperref/pd1enc.def
File: pd1enc.def 2012/11/06 v6.83m Hyperref: PDFDocEncoding definition (HO)
Now handling font encoding PD1 ...
... no UTF-8 mapping file for font encoding PD1
)
\Hy@SavedSpaceFactor=\count113

(/usr/share/texlive/texmf-dist/tex/latex/latexconfig/hyperref.cfg
File: hyperref.cfg 2002/06/06 v1.2 hyperref configuration of TeXLive
)
Package hyperref Info: Hyper figures OFF on input line 4443.
Package hyperref Info: Link nesting OFF on input line 4448.
Package hyperref Info: Hyper index ON on input line 4451.
Package hyperref Info: Plain pages OFF on input line 4458.
Package hyperref Info: Backreferencing OFF on input line 4463.
Package hyperref Info: Implicit mode ON; LaTeX internals redefined.
Package hyperref Info: Bookmarks ON on input line 4688.
\c@Hy@tempcnt=\count114

(/usr/share/texlive/texmf-dist/tex/latex/url/url.sty
\Urlmuskip=\muskip11
Package: url 2013/09/16  ver 3.4  Verb mode for urls, etc.
)
LaTeX Info: Redefining \url on input line 5041.
\XeTeXLinkMargin=\dimen118
\Fld@menulength=\count115
\Field@Width=\dimen119
\Fld@charsize=\dimen120
Package hyperref Info: Hyper figures OFF on input line 6295.
Package hyperref Info: Link nesting OFF on input line 6300.
Package hyperref Info: Hyper index ON on input line 6303.
Package hyperref Info: backreferencing OFF on input line 6310.
Package hyperref Info: Link coloring OFF on input line 6315.
Package hyperref Info: Link coloring with OCG OFF on input line 6320.
Package hyperref Info: PDF/A mode OFF on input line 6325.
LaTeX Info: Redefining \ref on input line 6365.
LaTeX Info: Redefining \pageref on input line 6369.
\Hy@abspage=\count116
\c@Item=\count117
\c@Hfootnote=\count118
)

Package hyperref Message: Driver (autodetected): hpdftex.

(/usr/share/texlive/texmf-dist/tex/latex/hyperref/hpdftex.def
File: hpdftex.def 2012/11/06 v6.83m Hyperref driver for pdfTeX
\Fld@listcount=\count119
\c@bookmark@seq@number=\count120

(/usr/share/texlive/texmf-dist/tex/latex/oberdiek/rerunfilecheck.sty
Package: rerunfilecheck 2011/04/15 v1.7 Rerun checks for auxiliary files (HO)
Package uniquecounter Info: New unique counter `rerunfilecheck' on input line 2
82.
)
\Hy@SectionHShift=\skip46
)
(/usr/share/texlive/texmf-dist/tex/latex/geometry/geometry.sty
Package: geometry 2010/09/12 v5.6 Page Geometry
\Gm@cnth=\count121
\Gm@cntv=\count122
\c@Gm@tempcnt=\count123
\Gm@bindingoffset=\dimen121
\Gm@wd@mp=\dimen122
\Gm@odd@mp=\dimen123
\Gm@even@mp=\dimen124
\Gm@layoutwidth=\dimen125
\Gm@layoutheight=\dimen126
\Gm@layouthoffset=\dimen127
\Gm@layoutvoffset=\dimen128
\Gm@dimlist=\toks26
)
(/usr/share/texlive/texmf-dist/tex/latex/listings/lstlang1.sty
File: lstlang1.sty 2013/08/26 1.5b listings language file
)
(/usr/share/texlive/texmf-dist/tex/latex/listings/lstlang1.sty
File: lstlang1.sty 2013/08/26 1.5b listings language file
)
(/usr/share/texlive/texmf-dist/tex/latex/listings/lstmisc.sty
File: lstmisc.sty 2013/08/26 1.5b (Carsten Heinz)
)

LaTeX Warning: Unused global option(s):
    [twosided].

No file "Notebook C++".aux.
\openout1 = `"Notebook C++.aux"'.

LaTeX Font Info:    Checking defaults for OML/cmm/m/it on input line 42.
LaTeX Font Info:    ... okay on input line 42.
LaTeX Font Info:    Checking defaults for T1/cmr/m/n on input line 42.
LaTeX Font Info:    ... okay on input line 42.
LaTeX Font Info:    Checking defaults for OT1/cmr/m/n on input line 42.
LaTeX Font Info:    ... okay on input line 42.
LaTeX Font Info:    Checking defaults for OMS/cmsy/m/n on input line 42.
LaTeX Font Info:    ... okay on input line 42.
LaTeX Font Info:    Checking defaults for OMX/cmex/m/n on input line 42.
LaTeX Font Info:    ... okay on input line 42.
LaTeX Font Info:    Checking defaults for U/cmr/m/n on input line 42.
LaTeX Font Info:    ... okay on input line 42.
LaTeX Font Info:    Checking defaults for PD1/pdf/m/n on input line 42.
LaTeX Font Info:    ... okay on input line 42.
LaTeX Info: Redefining \. on input line 42.
LaTeX Info: Redefining \% on input line 42.
\c@lstlisting=\count124
(/usr/share/texlive/texmf-dist/tex/context/base/supp-pdf.mkii
[Loading MPS to PDF converter (version 2006.09.02).]
\scratchcounter=\count125
\scratchdimen=\dimen129
\scratchbox=\box30
\nofMPsegments=\count126
\nofMParguments=\count127
\everyMPshowfont=\toks27
\MPscratchCnt=\count128
\MPscratchDim=\dimen130
\MPnumerator=\count129
\makeMPintoPDFobject=\count130
\everyMPtoPDFconversion=\toks28
)
\AtBeginShipoutBox=\box31
Package hyperref Info: Link coloring OFF on input line 42.
 (/usr/share/texlive/texmf-dist/tex/latex/hyperref/nameref.sty
Package: nameref 2012/10/27 v2.43 Cross-referencing by name of section

(/usr/share/texlive/texmf-dist/tex/generic/oberdiek/gettitlestring.sty
Package: gettitlestring 2010/12/03 v1.4 Cleanup title references (HO)
)
\c@section@level=\count131
)
LaTeX Info: Redefining \ref on input line 42.
LaTeX Info: Redefining \pageref on input line 42.
LaTeX Info: Redefining \nameref on input line 42.
\@outlinefile=\write3
\openout3 = `"Notebook C++.out"'.


*geometry* driver: auto-detecting
*geometry* detected driver: pdftex
*geometry* verbose mode - [ preamble ] result:
* driver: pdftex
* paper: letterpaper
* layout: <same size as paper>
* layoutoffset:(h,v)=(0.0pt,0.0pt)
* modes: landscape 
* h-part:(L,W,R)=(71.13188pt, 681.15898pt, 42.67912pt)
* v-part:(T,H,B)=(56.9055pt, 500.484pt, 56.9055pt)
* \paperwidth=794.96999pt
* \paperheight=614.295pt
* \textwidth=681.15898pt
* \textheight=500.484pt
* \oddsidemargin=-1.1381pt
* \evensidemargin=-1.1381pt
* \topmargin=-52.36449pt
* \headheight=12.0pt
* \headsep=25.0pt
* \topskip=11.0pt
* \footskip=30.0pt
* \marginparwidth=4.0pt
* \marginparsep=10.0pt
* \columnsep=36.135pt
* \skip\footins=10.0pt plus 4.0pt minus 2.0pt
* \hoffset=0.0pt
* \voffset=0.0pt
* \mag=1000
* \@twocolumntrue
* \@twosidefalse
* \@mparswitchfalse
* \@reversemarginfalse
* (1in=72.27pt=25.4mm, 1cm=28.453pt)

\tf@toc=\write4
\openout4 = `"Notebook C++.toc"'.

(/usr/share/texlive/texmf-dist/tex/latex/listings/lstlang1.sty
File: lstlang1.sty 2013/08/26 1.5b listings language file
)
Package babel Info: Redefining spanish shorthand <<
(babel)             in language  on input line 51.
Package babel Info: Redefining spanish shorthand >>
(babel)             in language  on input line 51.
Package babel Info: Redefining spanish shorthand "=
(babel)             in language  on input line 51.
Package babel Info: Redefining spanish shorthand "~
(babel)             in language  on input line 51.
Package babel Info: Redefining spanish shorthand "!
(babel)             in language  on input line 51.
Package babel Info: Redefining spanish shorthand "?
(babel)             in language  on input line 51.
Package babel Info: Redefining spanish shorthand <<
(babel)             in language  on input line 53.
Package babel Info: Redefining spanish shorthand >>
(babel)             in language  on input line 53.
Package babel Info: Redefining spanish shorthand "=
(babel)             in language  on input line 53.
Package babel Info: Redefining spanish shorthand "~
(babel)             in language  on input line 53.
Package babel Info: Redefining spanish shorthand "!
(babel)             in language  on input line 53.
Package babel Info: Redefining spanish shorthand "?
(babel)             in language  on input line 53.
Package babel Info: Redefining spanish shorthand <<
(babel)             in language  on input line 68.
Package babel Info: Redefining spanish shorthand >>
(babel)             in language  on input line 68.
Package babel Info: Redefining spanish shorthand "=
(babel)             in language  on input line 68.
Package babel Info: Redefining spanish shorthand "~
(babel)             in language  on input line 68.
Package babel Info: Redefining spanish shorthand "!
(babel)             in language  on input line 68.
Package babel Info: Redefining spanish shorthand "?
(babel)             in language  on input line 68.
Package babel Info: Redefining spanish shorthand <<
(babel)             in language  on input line 70.
Package babel Info: Redefining spanish shorthand >>
(babel)             in language  on input line 70.
Package babel Info: Redefining spanish shorthand "=
(babel)             in language  on input line 70.
Package babel Info: Redefining spanish shorthand "~
(babel)             in language  on input line 70.
Package babel Info: Redefining spanish shorthand "!
(babel)             in language  on input line 70.
Package babel Info: Redefining spanish shorthand "?
(babel)             in language  on input line 70.

Underfull \vbox (badness 10000) has occurred while \output is active []

Package babel Info: Redefining spanish shorthand <<
(babel)             in language  on input line 99.
Package babel Info: Redefining spanish shorthand >>
(babel)             in language  on input line 99.
Package babel Info: Redefining spanish shorthand "=
(babel)             in language  on input line 99.
Package babel Info: Redefining spanish shorthand "~
(babel)             in language  on input line 99.
Package babel Info: Redefining spanish shorthand "!
(babel)             in language  on input line 99.
Package babel Info: Redefining spanish shorthand "?
(babel)             in language  on input line 99.
Package babel Info: Redefining spanish shorthand <<
(babel)             in language  on input line 99.
Package babel Info: Redefining spanish shorthand >>
(babel)             in language  on input line 99.
Package babel Info: Redefining spanish shorthand "=
(babel)             in language  on input line 99.
Package babel Info: Redefining spanish shorthand "~
(babel)             in language  on input line 99.
Package babel Info: Redefining spanish shorthand "!
(babel)             in language  on input line 99.
Package babel Info: Redefining spanish shorthand "?
(babel)             in language  on input line 99.
 [1{/var/lib/texmf/fonts/map/pdftex/updmap/pdftex.map}


]
Package babel Info: Redefining spanish shorthand <<
(babel)             in language  on input line 106.
Package babel Info: Redefining spanish shorthand >>
(babel)             in language  on input line 106.
Package babel Info: Redefining spanish shorthand "=
(babel)             in language  on input line 106.
Package babel Info: Redefining spanish shorthand "~
(babel)             in language  on input line 106.
Package babel Info: Redefining spanish shorthand "!
(babel)             in language  on input line 106.
Package babel Info: Redefining spanish shorthand "?
(babel)             in language  on input line 106.
Package babel Info: Redefining spanish shorthand <<
(babel)             in language  on input line 132.
Package babel Info: Redefining spanish shorthand >>
(babel)             in language  on input line 132.
Package babel Info: Redefining spanish shorthand "=
(babel)             in language  on input line 132.
Package babel Info: Redefining spanish shorthand "~
(babel)             in language  on input line 132.
Package babel Info: Redefining spanish shorthand "!
(babel)             in language  on input line 132.
Package babel Info: Redefining spanish shorthand "?
(babel)             in language  on input line 132.
Package babel Info: Redefining spanish shorthand <<
(babel)             in language  on input line 134.
Package babel Info: Redefining spanish shorthand >>
(babel)             in language  on input line 134.
Package babel Info: Redefining spanish shorthand "=
(babel)             in language  on input line 134.
Package babel Info: Redefining spanish shorthand "~
(babel)             in language  on input line 134.
Package babel Info: Redefining spanish shorthand "!
(babel)             in language  on input line 134.
Package babel Info: Redefining spanish shorthand "?
(babel)             in language  on input line 134.

Underfull \vbox (badness 10000) has occurred while \output is active []

Package babel Info: Redefining spanish shorthand <<
(babel)             in language  on input line 171.
Package babel Info: Redefining spanish shorthand >>
(babel)             in language  on input line 171.
Package babel Info: Redefining spanish shorthand "=
(babel)             in language  on input line 171.
Package babel Info: Redefining spanish shorthand "~
(babel)             in language  on input line 171.
Package babel Info: Redefining spanish shorthand "!
(babel)             in language  on input line 171.
Package babel Info: Redefining spanish shorthand "?
(babel)             in language  on input line 171.
Package babel Info: Redefining spanish shorthand <<
(babel)             in language  on input line 173.
Package babel Info: Redefining spanish shorthand >>
(babel)             in language  on input line 173.
Package babel Info: Redefining spanish shorthand "=
(babel)             in language  on input line 173.
Package babel Info: Redefining spanish shorthand "~
(babel)             in language  on input line 173.
Package babel Info: Redefining spanish shorthand "!
(babel)             in language  on input line 173.
Package babel Info: Redefining spanish shorthand "?
(babel)             in language  on input line 173.
Package babel Info: Redefining spanish shorthand <<
(babel)             in language  on input line 173.
Package babel Info: Redefining spanish shorthand >>
(babel)             in language  on input line 173.
Package babel Info: Redefining spanish shorthand "=
(babel)             in language  on input line 173.
Package babel Info: Redefining spanish shorthand "~
(babel)             in language  on input line 173.
Package babel Info: Redefining spanish shorthand "!
(babel)             in language  on input line 173.
Package babel Info: Redefining spanish shorthand "?
(babel)             in language  on input line 173.
 [2]
Package babel Info: Redefining spanish shorthand <<
(babel)             in language  on input line 201.
Package babel Info: Redefining spanish shorthand >>
(babel)             in language  on input line 201.
Package babel Info: Redefining spanish shorthand "=
(babel)             in language  on input line 201.
Package babel Info: Redefining spanish shorthand "~
(babel)             in language  on input line 201.
Package babel Info: Redefining spanish shorthand "!
(babel)             in language  on input line 201.
Package babel Info: Redefining spanish shorthand "?
(babel)             in language  on input line 201.

Underfull \vbox (badness 10000) has occurred while \output is active []

Package babel Info: Redefining spanish shorthand <<
(babel)             in language  on input line 248.
Package babel Info: Redefining spanish shorthand >>
(babel)             in language  on input line 248.
Package babel Info: Redefining spanish shorthand "=
(babel)             in language  on input line 248.
Package babel Info: Redefining spanish shorthand "~
(babel)             in language  on input line 248.
Package babel Info: Redefining spanish shorthand "!
(babel)             in language  on input line 248.
Package babel Info: Redefining spanish shorthand "?
(babel)             in language  on input line 248.
Package babel Info: Redefining spanish shorthand <<
(babel)             in language  on input line 248.
Package babel Info: Redefining spanish shorthand >>
(babel)             in language  on input line 248.
Package babel Info: Redefining spanish shorthand "=
(babel)             in language  on input line 248.
Package babel Info: Redefining spanish shorthand "~
(babel)             in language  on input line 248.
Package babel Info: Redefining spanish shorthand "!
(babel)             in language  on input line 248.
Package babel Info: Redefining spanish shorthand "?
(babel)             in language  on input line 248.
 [3]
Package babel Info: Redefining spanish shorthand <<
(babel)             in language  on input line 262.
Package babel Info: Redefining spanish shorthand >>
(babel)             in language  on input line 262.
Package babel Info: Redefining spanish shorthand "=
(babel)             in language  on input line 262.
Package babel Info: Redefining spanish shorthand "~
(babel)             in language  on input line 262.
Package babel Info: Redefining spanish shorthand "!
(babel)             in language  on input line 262.
Package babel Info: Redefining spanish shorthand "?
(babel)             in language  on input line 262.
Package babel Info: Redefining spanish shorthand <<
(babel)             in language  on input line 293.
Package babel Info: Redefining spanish shorthand >>
(babel)             in language  on input line 293.
Package babel Info: Redefining spanish shorthand "=
(babel)             in language  on input line 293.
Package babel Info: Redefining spanish shorthand "~
(babel)             in language  on input line 293.
Package babel Info: Redefining spanish shorthand "!
(babel)             in language  on input line 293.
Package babel Info: Redefining spanish shorthand "?
(babel)             in language  on input line 293.
Package babel Info: Redefining spanish shorthand <<
(babel)             in language  on input line 319.
Package babel Info: Redefining spanish shorthand >>
(babel)             in language  on input line 319.
Package babel Info: Redefining spanish shorthand "=
(babel)             in language  on input line 319.
Package babel Info: Redefining spanish shorthand "~
(babel)             in language  on input line 319.
Package babel Info: Redefining spanish shorthand "!
(babel)             in language  on input line 319.
Package babel Info: Redefining spanish shorthand "?
(babel)             in language  on input line 319.
Package babel Info: Redefining spanish shorthand <<
(babel)             in language  on input line 319.
Package babel Info: Redefining spanish shorthand >>
(babel)             in language  on input line 319.
Package babel Info: Redefining spanish shorthand "=
(babel)             in language  on input line 319.
Package babel Info: Redefining spanish shorthand "~
(babel)             in language  on input line 319.
Package babel Info: Redefining spanish shorthand "!
(babel)             in language  on input line 319.
Package babel Info: Redefining spanish shorthand "?
(babel)             in language  on input line 319.

[4]
Underfull \vbox (badness 10000) has occurred while \output is active []

Package babel Info: Redefining spanish shorthand <<
(babel)             in language  on input line 379.
Package babel Info: Redefining spanish shorthand >>
(babel)             in language  on input line 379.
Package babel Info: Redefining spanish shorthand "=
(babel)             in language  on input line 379.
Package babel Info: Redefining spanish shorthand "~
(babel)             in language  on input line 379.
Package babel Info: Redefining spanish shorthand "!
(babel)             in language  on input line 379.
Package babel Info: Redefining spanish shorthand "?
(babel)             in language  on input line 379.
Package babel Info: Redefining spanish shorthand <<
(babel)             in language  on input line 401.
Package babel Info: Redefining spanish shorthand >>
(babel)             in language  on input line 401.
Package babel Info: Redefining spanish shorthand "=
(babel)             in language  on input line 401.
Package babel Info: Redefining spanish shorthand "~
(babel)             in language  on input line 401.
Package babel Info: Redefining spanish shorthand "!
(babel)             in language  on input line 401.
Package babel Info: Redefining spanish shorthand "?
(babel)             in language  on input line 401.
Package babel Info: Redefining spanish shorthand <<
(babel)             in language  on input line 401.
Package babel Info: Redefining spanish shorthand >>
(babel)             in language  on input line 401.
Package babel Info: Redefining spanish shorthand "=
(babel)             in language  on input line 401.
Package babel Info: Redefining spanish shorthand "~
(babel)             in language  on input line 401.
Package babel Info: Redefining spanish shorthand "!
(babel)             in language  on input line 401.
Package babel Info: Redefining spanish shorthand "?
(babel)             in language  on input line 401.
 [5]
Overfull \hbox (5.08444pt too wide) in paragraph at lines 427--428
[][][][][][][][][][][][][][][][][][][][][][][][][][]  
 []

Package babel Info: Redefining spanish shorthand <<
(babel)             in language  on input line 437.
Package babel Info: Redefining spanish shorthand >>
(babel)             in language  on input line 437.
Package babel Info: Redefining spanish shorthand "=
(babel)             in language  on input line 437.
Package babel Info: Redefining spanish shorthand "~
(babel)             in language  on input line 437.
Package babel Info: Redefining spanish shorthand "!
(babel)             in language  on input line 437.
Package babel Info: Redefining spanish shorthand "?
(babel)             in language  on input line 437.
Package babel Info: Redefining spanish shorthand <<
(babel)             in language  on input line 439.
Package babel Info: Redefining spanish shorthand >>
(babel)             in language  on input line 439.
Package babel Info: Redefining spanish shorthand "=
(babel)             in language  on input line 439.
Package babel Info: Redefining spanish shorthand "~
(babel)             in language  on input line 439.
Package babel Info: Redefining spanish shorthand "!
(babel)             in language  on input line 439.
Package babel Info: Redefining spanish shorthand "?
(babel)             in language  on input line 439.

Underfull \vbox (badness 10000) has occurred while \output is active []

Package babel Info: Redefining spanish shorthand <<
(babel)             in language  on input line 459.
Package babel Info: Redefining spanish shorthand >>
(babel)             in language  on input line 459.
Package babel Info: Redefining spanish shorthand "=
(babel)             in language  on input line 459.
Package babel Info: Redefining spanish shorthand "~
(babel)             in language  on input line 459.
Package babel Info: Redefining spanish shorthand "!
(babel)             in language  on input line 459.
Package babel Info: Redefining spanish shorthand "?
(babel)             in language  on input line 459.
Package babel Info: Redefining spanish shorthand <<
(babel)             in language  on input line 477.
Package babel Info: Redefining spanish shorthand >>
(babel)             in language  on input line 477.
Package babel Info: Redefining spanish shorthand "=
(babel)             in language  on input line 477.
Package babel Info: Redefining spanish shorthand "~
(babel)             in language  on input line 477.
Package babel Info: Redefining spanish shorthand "!
(babel)             in language  on input line 477.
Package babel Info: Redefining spanish shorthand "?
(babel)             in language  on input line 477.
Package babel Info: Redefining spanish shorthand <<
(babel)             in language  on input line 477.
Package babel Info: Redefining spanish shorthand >>
(babel)             in language  on input line 477.
Package babel Info: Redefining spanish shorthand "=
(babel)             in language  on input line 477.
Package babel Info: Redefining spanish shorthand "~
(babel)             in language  on input line 477.
Package babel Info: Redefining spanish shorthand "!
(babel)             in language  on input line 477.
Package babel Info: Redefining spanish shorthand "?
(babel)             in language  on input line 477.
 [6]
Package babel Info: Redefining spanish shorthand <<
(babel)             in language  on input line 477.
Package babel Info: Redefining spanish shorthand >>
(babel)             in language  on input line 477.
Package babel Info: Redefining spanish shorthand "=
(babel)             in language  on input line 477.
Package babel Info: Redefining spanish shorthand "~
(babel)             in language  on input line 477.
Package babel Info: Redefining spanish shorthand "!
(babel)             in language  on input line 477.
Package babel Info: Redefining spanish shorthand "?
(babel)             in language  on input line 477.
Package babel Info: Redefining spanish shorthand <<
(babel)             in language  on input line 493.
Package babel Info: Redefining spanish shorthand >>
(babel)             in language  on input line 493.
Package babel Info: Redefining spanish shorthand "=
(babel)             in language  on input line 493.
Package babel Info: Redefining spanish shorthand "~
(babel)             in language  on input line 493.
Package babel Info: Redefining spanish shorthand "!
(babel)             in language  on input line 493.
Package babel Info: Redefining spanish shorthand "?
(babel)             in language  on input line 493.
Package babel Info: Redefining spanish shorthand <<
(babel)             in language  on input line 522.
Package babel Info: Redefining spanish shorthand >>
(babel)             in language  on input line 522.
Package babel Info: Redefining spanish shorthand "=
(babel)             in language  on input line 522.
Package babel Info: Redefining spanish shorthand "~
(babel)             in language  on input line 522.
Package babel Info: Redefining spanish shorthand "!
(babel)             in language  on input line 522.
Package babel Info: Redefining spanish shorthand "?
(babel)             in language  on input line 522.
Package babel Info: Redefining spanish shorthand <<
(babel)             in language  on input line 551.
Package babel Info: Redefining spanish shorthand >>
(babel)             in language  on input line 551.
Package babel Info: Redefining spanish shorthand "=
(babel)             in language  on input line 551.
Package babel Info: Redefining spanish shorthand "~
(babel)             in language  on input line 551.
Package babel Info: Redefining spanish shorthand "!
(babel)             in language  on input line 551.
Package babel Info: Redefining spanish shorthand "?
(babel)             in language  on input line 551.
Package babel Info: Redefining spanish shorthand <<
(babel)             in language  on input line 551.
Package babel Info: Redefining spanish shorthand >>
(babel)             in language  on input line 551.
Package babel Info: Redefining spanish shorthand "=
(babel)             in language  on input line 551.
Package babel Info: Redefining spanish shorthand "~
(babel)             in language  on input line 551.
Package babel Info: Redefining spanish shorthand "!
(babel)             in language  on input line 551.
Package babel Info: Redefining spanish shorthand "?
(babel)             in language  on input line 551.

[7]
Package babel Info: Redefining spanish shorthand <<
(babel)             in language  on input line 576.
Package babel Info: Redefining spanish shorthand >>
(babel)             in language  on input line 576.
Package babel Info: Redefining spanish shorthand "=
(babel)             in language  on input line 576.
Package babel Info: Redefining spanish shorthand "~
(babel)             in language  on input line 576.
Package babel Info: Redefining spanish shorthand "!
(babel)             in language  on input line 576.
Package babel Info: Redefining spanish shorthand "?
(babel)             in language  on input line 576.
Package babel Info: Redefining spanish shorthand <<
(babel)             in language  on input line 592.
Package babel Info: Redefining spanish shorthand >>
(babel)             in language  on input line 592.
Package babel Info: Redefining spanish shorthand "=
(babel)             in language  on input line 592.
Package babel Info: Redefining spanish shorthand "~
(babel)             in language  on input line 592.
Package babel Info: Redefining spanish shorthand "!
(babel)             in language  on input line 592.
Package babel Info: Redefining spanish shorthand "?
(babel)             in language  on input line 592.
Package babel Info: Redefining spanish shorthand <<
(babel)             in language  on input line 602.
Package babel Info: Redefining spanish shorthand >>
(babel)             in language  on input line 602.
Package babel Info: Redefining spanish shorthand "=
(babel)             in language  on input line 602.
Package babel Info: Redefining spanish shorthand "~
(babel)             in language  on input line 602.
Package babel Info: Redefining spanish shorthand "!
(babel)             in language  on input line 602.
Package babel Info: Redefining spanish shorthand "?
(babel)             in language  on input line 602.
Package babel Info: Redefining spanish shorthand <<
(babel)             in language  on input line 624.
Package babel Info: Redefining spanish shorthand >>
(babel)             in language  on input line 624.
Package babel Info: Redefining spanish shorthand "=
(babel)             in language  on input line 624.
Package babel Info: Redefining spanish shorthand "~
(babel)             in language  on input line 624.
Package babel Info: Redefining spanish shorthand "!
(babel)             in language  on input line 624.
Package babel Info: Redefining spanish shorthand "?
(babel)             in language  on input line 624.
Package babel Info: Redefining spanish shorthand <<
(babel)             in language  on input line 624.
Package babel Info: Redefining spanish shorthand >>
(babel)             in language  on input line 624.
Package babel Info: Redefining spanish shorthand "=
(babel)             in language  on input line 624.
Package babel Info: Redefining spanish shorthand "~
(babel)             in language  on input line 624.
Package babel Info: Redefining spanish shorthand "!
(babel)             in language  on input line 624.
Package babel Info: Redefining spanish shorthand "?
(babel)             in language  on input line 624.
 [8]
Package babel Info: Redefining spanish shorthand <<
(babel)             in language  on input line 628.
Package babel Info: Redefining spanish shorthand >>
(babel)             in language  on input line 628.
Package babel Info: Redefining spanish shorthand "=
(babel)             in language  on input line 628.
Package babel Info: Redefining spanish shorthand "~
(babel)             in language  on input line 628.
Package babel Info: Redefining spanish shorthand "!
(babel)             in language  on input line 628.
Package babel Info: Redefining spanish shorthand "?
(babel)             in language  on input line 628.
Package babel Info: Redefining spanish shorthand <<
(babel)             in language  on input line 657.
Package babel Info: Redefining spanish shorthand >>
(babel)             in language  on input line 657.
Package babel Info: Redefining spanish shorthand "=
(babel)             in language  on input line 657.
Package babel Info: Redefining spanish shorthand "~
(babel)             in language  on input line 657.
Package babel Info: Redefining spanish shorthand "!
(babel)             in language  on input line 657.
Package babel Info: Redefining spanish shorthand "?
(babel)             in language  on input line 657.
Package babel Info: Redefining spanish shorthand <<
(babel)             in language  on input line 659.
Package babel Info: Redefining spanish shorthand >>
(babel)             in language  on input line 659.
Package babel Info: Redefining spanish shorthand "=
(babel)             in language  on input line 659.
Package babel Info: Redefining spanish shorthand "~
(babel)             in language  on input line 659.
Package babel Info: Redefining spanish shorthand "!
(babel)             in language  on input line 659.
Package babel Info: Redefining spanish shorthand "?
(babel)             in language  on input line 659.
Package babel Info: Redefining spanish shorthand <<
(babel)             in language  on input line 703.
Package babel Info: Redefining spanish shorthand >>
(babel)             in language  on input line 703.
Package babel Info: Redefining spanish shorthand "=
(babel)             in language  on input line 703.
Package babel Info: Redefining spanish shorthand "~
(babel)             in language  on input line 703.
Package babel Info: Redefining spanish shorthand "!
(babel)             in language  on input line 703.
Package babel Info: Redefining spanish shorthand "?
(babel)             in language  on input line 703.
Package babel Info: Redefining spanish shorthand <<
(babel)             in language  on input line 705.
Package babel Info: Redefining spanish shorthand >>
(babel)             in language  on input line 705.
Package babel Info: Redefining spanish shorthand "=
(babel)             in language  on input line 705.
Package babel Info: Redefining spanish shorthand "~
(babel)             in language  on input line 705.
Package babel Info: Redefining spanish shorthand "!
(babel)             in language  on input line 705.
Package babel Info: Redefining spanish shorthand "?
(babel)             in language  on input line 705.

Underfull \hbox (badness 10000) in paragraph at lines 707--744

 []


Underfull \vbox (badness 10000) has occurred while \output is active []

Package babel Info: Redefining spanish shorthand <<
(babel)             in language  on input line 744.
Package babel Info: Redefining spanish shorthand >>
(babel)             in language  on input line 744.
Package babel Info: Redefining spanish shorthand "=
(babel)             in language  on input line 744.
Package babel Info: Redefining spanish shorthand "~
(babel)             in language  on input line 744.
Package babel Info: Redefining spanish shorthand "!
(babel)             in language  on input line 744.
Package babel Info: Redefining spanish shorthand "?
(babel)             in language  on input line 744.
Package babel Info: Redefining spanish shorthand <<
(babel)             in language  on input line 744.
Package babel Info: Redefining spanish shorthand >>
(babel)             in language  on input line 744.
Package babel Info: Redefining spanish shorthand "=
(babel)             in language  on input line 744.
Package babel Info: Redefining spanish shorthand "~
(babel)             in language  on input line 744.
Package babel Info: Redefining spanish shorthand "!
(babel)             in language  on input line 744.
Package babel Info: Redefining spanish shorthand "?
(babel)             in language  on input line 744.
 [9]
Underfull \vbox (badness 10000) has occurred while \output is active []

Package babel Info: Redefining spanish shorthand <<
(babel)             in language  on input line 747.
Package babel Info: Redefining spanish shorthand >>
(babel)             in language  on input line 747.
Package babel Info: Redefining spanish shorthand "=
(babel)             in language  on input line 747.
Package babel Info: Redefining spanish shorthand "~
(babel)             in language  on input line 747.
Package babel Info: Redefining spanish shorthand "!
(babel)             in language  on input line 747.
Package babel Info: Redefining spanish shorthand "?
(babel)             in language  on input line 747.

Underfull \hbox (badness 10000) in paragraph at lines 748--751

 []


Underfull \vbox (badness 10000) has occurred while \output is active []

Package babel Info: Redefining spanish shorthand <<
(babel)             in language  on input line 751.
Package babel Info: Redefining spanish shorthand >>
(babel)             in language  on input line 751.
Package babel Info: Redefining spanish shorthand "=
(babel)             in language  on input line 751.
Package babel Info: Redefining spanish shorthand "~
(babel)             in language  on input line 751.
Package babel Info: Redefining spanish shorthand "!
(babel)             in language  on input line 751.
Package babel Info: Redefining spanish shorthand "?
(babel)             in language  on input line 751.
Package babel Info: Redefining spanish shorthand <<
(babel)             in language  on input line 751.
Package babel Info: Redefining spanish shorthand >>
(babel)             in language  on input line 751.
Package babel Info: Redefining spanish shorthand "=
(babel)             in language  on input line 751.
Package babel Info: Redefining spanish shorthand "~
(babel)             in language  on input line 751.
Package babel Info: Redefining spanish shorthand "!
(babel)             in language  on input line 751.
Package babel Info: Redefining spanish shorthand "?
(babel)             in language  on input line 751.
 [10]
Package babel Info: Redefining spanish shorthand <<
(babel)             in language  on input line 753.
Package babel Info: Redefining spanish shorthand >>
(babel)             in language  on input line 753.
Package babel Info: Redefining spanish shorthand "=
(babel)             in language  on input line 753.
Package babel Info: Redefining spanish shorthand "~
(babel)             in language  on input line 753.
Package babel Info: Redefining spanish shorthand "!
(babel)             in language  on input line 753.
Package babel Info: Redefining spanish shorthand "?
(babel)             in language  on input line 753.
Package babel Info: Redefining spanish shorthand <<
(babel)             in language  on input line 755.
Package babel Info: Redefining spanish shorthand >>
(babel)             in language  on input line 755.
Package babel Info: Redefining spanish shorthand "=
(babel)             in language  on input line 755.
Package babel Info: Redefining spanish shorthand "~
(babel)             in language  on input line 755.
Package babel Info: Redefining spanish shorthand "!
(babel)             in language  on input line 755.
Package babel Info: Redefining spanish shorthand "?
(babel)             in language  on input line 755.

Underfull \hbox (badness 10000) in paragraph at lines 757--759

 []


Underfull \hbox (badness 10000) in paragraph at lines 757--759

 []


Underfull \hbox (badness 10000) in paragraph at lines 760--761

 []


Underfull \hbox (badness 10000) in paragraph at lines 760--761

 []


Underfull \hbox (badness 10000) in paragraph at lines 763--764

 []


Underfull \hbox (badness 10000) in paragraph at lines 765--766

 []


Underfull \hbox (badness 10000) in paragraph at lines 765--766

 []


Underfull \hbox (badness 10000) in paragraph at lines 767--768

 []


Underfull \hbox (badness 10000) in paragraph at lines 769--770

 []


Underfull \hbox (badness 10000) in paragraph at lines 769--770

 []


Underfull \hbox (badness 10000) in paragraph at lines 771--772

 []


Underfull \hbox (badness 10000) in paragraph at lines 773--774

 []


Underfull \hbox (badness 10000) in paragraph at lines 773--774

 []


Underfull \hbox (badness 10000) in paragraph at lines 775--776

 []


Underfull \hbox (badness 10000) in paragraph at lines 777--778

 []


Underfull \hbox (badness 10000) in paragraph at lines 777--778

 []

! Too many }'s.
<recently read> }
                 
l.780 }
       
You've closed more groups than you opened.
Such booboos are generally harmless, so keep going.


Underfull \hbox (badness 10000) in paragraph at lines 779--781

 []

Package babel Info: Redefining spanish shorthand <<
(babel)             in language  on input line 781.
Package babel Info: Redefining spanish shorthand >>
(babel)             in language  on input line 781.
Package babel Info: Redefining spanish shorthand "=
(babel)             in language  on input line 781.
Package babel Info: Redefining spanish shorthand "~
(babel)             in language  on input line 781.
Package babel Info: Redefining spanish shorthand "!
(babel)             in language  on input line 781.
Package babel Info: Redefining spanish shorthand "?
(babel)             in language  on input line 781.

Underfull \hbox (badness 10000) in paragraph at lines 783--784

 []

Package babel Info: Redefining spanish shorthand <<
(babel)             in language  on input line 804.
Package babel Info: Redefining spanish shorthand >>
(babel)             in language  on input line 804.
Package babel Info: Redefining spanish shorthand "=
(babel)             in language  on input line 804.
Package babel Info: Redefining spanish shorthand "~
(babel)             in language  on input line 804.
Package babel Info: Redefining spanish shorthand "!
(babel)             in language  on input line 804.
Package babel Info: Redefining spanish shorthand "?
(babel)             in language  on input line 804.
Package babel Info: Redefining spanish shorthand <<
(babel)             in language  on input line 809.
Package babel Info: Redefining spanish shorthand >>
(babel)             in language  on input line 809.
Package babel Info: Redefining spanish shorthand "=
(babel)             in language  on input line 809.
Package babel Info: Redefining spanish shorthand "~
(babel)             in language  on input line 809.
Package babel Info: Redefining spanish shorthand "!
(babel)             in language  on input line 809.
Package babel Info: Redefining spanish shorthand "?
(babel)             in language  on input line 809.
Package babel Info: Redefining spanish shorthand <<
(babel)             in language  on input line 809.
Package babel Info: Redefining spanish shorthand >>
(babel)             in language  on input line 809.
Package babel Info: Redefining spanish shorthand "=
(babel)             in language  on input line 809.
Package babel Info: Redefining spanish shorthand "~
(babel)             in language  on input line 809.
Package babel Info: Redefining spanish shorthand "!
(babel)             in language  on input line 809.
Package babel Info: Redefining spanish shorthand "?
(babel)             in language  on input line 809.
[11]
Package atveryend Info: Empty hook `BeforeClearDocument' on input line 811.
Package babel Info: Redefining spanish shorthand <<
(babel)             in language  on input line 811.
Package babel Info: Redefining spanish shorthand >>
(babel)             in language  on input line 811.
Package babel Info: Redefining spanish shorthand "=
(babel)             in language  on input line 811.
Package babel Info: Redefining spanish shorthand "~
(babel)             in language  on input line 811.
Package babel Info: Redefining spanish shorthand "!
(babel)             in language  on input line 811.
Package babel Info: Redefining spanish shorthand "?
(babel)             in language  on input line 811.
Package babel Info: Redefining spanish shorthand <<
(babel)             in language  on input line 811.
Package babel Info: Redefining spanish shorthand >>
(babel)             in language  on input line 811.
Package babel Info: Redefining spanish shorthand "=
(babel)             in language  on input line 811.
Package babel Info: Redefining spanish shorthand "~
(babel)             in language  on input line 811.
Package babel Info: Redefining spanish shorthand "!
(babel)             in language  on input line 811.
Package babel Info: Redefining spanish shorthand "?
(babel)             in language  on input line 811.
 [12

]
Package atveryend Info: Empty hook `AfterLastShipout' on input line 811.
 (./Notebook C++.aux
LaTeX Info: Redefining \. on input line 23.
LaTeX Info: Redefining \% on input line 23.
)
Package atveryend Info: Executing hook `AtVeryEndDocument' on input line 811.
Package atveryend Info: Executing hook `AtEndAfterFileList' on input line 811.


Package rerunfilecheck Warning: File `"Notebook C++".out' has changed.
(rerunfilecheck)                Rerun to get outlines right
(rerunfilecheck)                or use package `bookmark'.

Package rerunfilecheck Info: Checksums for `"Notebook C++".out':
(rerunfilecheck)             Before: <no file>
(rerunfilecheck)             After:  457C4293CA98AB784F884A1BEBB5FEB2;1958.
Package atveryend Info: Empty hook `AtVeryVeryEnd' on input line 811.
 ) 
Here is how much of TeX's memory you used:
 9637 strings out of 493304
 134264 string characters out of 6139872
 298632 words of memory out of 5000000
 12430 multiletter control sequences out of 15000+600000
 10862 words of font info for 40 fonts, out of 8000000 for 9000
 957 hyphenation exceptions out of 8191
 33i,9n,58p,352b,1865s stack positions out of 5000i,500n,10000p,200000b,80000s
</usr/share/texlive/texmf-dist/fonts/type1/public/amsfonts/cm/cmbx12.pfb></us
r/share/texlive/texmf-dist/fonts/type1/public/amsfonts/cm/cmex10.pfb></usr/shar
e/texlive/texmf-dist/fonts/type1/public/amsfonts/cm/cmmi10.pfb></usr/share/texl
ive/texmf-dist/fonts/type1/public/amsfonts/cm/cmmi12.pfb></usr/share/texlive/te
xmf-dist/fonts/type1/public/amsfonts/cm/cmmi8.pfb></usr/share/texlive/texmf-dis
t/fonts/type1/public/amsfonts/cm/cmr10.pfb></usr/share/texlive/texmf-dist/fonts
/type1/public/amsfonts/cm/cmr12.pfb></usr/share/texlive/texmf-dist/fonts/type1/
public/amsfonts/cm/cmr17.pfb></usr/share/texlive/texmf-dist/fonts/type1/public/
amsfonts/cm/cmr8.pfb></usr/share/texlive/texmf-dist/fonts/type1/public/amsfonts
/cm/cmsy10.pfb></usr/share/texlive/texmf-dist/fonts/type1/public/amsfonts/cm/cm
tt10.pfb>
Output written on "Notebook C++.pdf" (12 pages, 172959 bytes).
PDF statistics:
 813 PDF objects out of 1000 (max. 8388607)
 780 compressed objects within 8 object streams
 596 named destinations out of 1000 (max. 500000)
 1 words of extra memory for PDF output out of 10000 (max. 10000000)

