\BOOKMARK [1][-]{section.1}{Bonus: Input Output}{}% 1
\BOOKMARK [2][-]{subsection.1.1}{scanf y printf}{section.1}% 2
\BOOKMARK [1][-]{section.2}{Dynamic Programming}{}% 3
\BOOKMARK [2][-]{subsection.2.1}{Knapsack}{section.2}% 4
\BOOKMARK [2][-]{subsection.2.2}{Longest Increasing Subsequence}{section.2}% 5
\BOOKMARK [1][-]{section.3}{Graph}{}% 6
\BOOKMARK [2][-]{subsection.3.1}{BFS}{section.3}% 7
\BOOKMARK [2][-]{subsection.3.2}{DFS}{section.3}% 8
\BOOKMARK [2][-]{subsection.3.3}{Dijkstra's Algorithm}{section.3}% 9
\BOOKMARK [2][-]{subsection.3.4}{Floyd-Warshall's Algorithm}{section.3}% 10
\BOOKMARK [2][-]{subsection.3.5}{Kruskal's Algorithm}{section.3}% 11
\BOOKMARK [2][-]{subsection.3.6}{Tarjan's Algorithm}{section.3}% 12
\BOOKMARK [1][-]{section.4}{Math}{}% 13
\BOOKMARK [2][-]{subsection.4.1}{Binary Exponentiation}{section.4}% 14
\BOOKMARK [2][-]{subsection.4.2}{Binomial Coefficient}{section.4}% 15
\BOOKMARK [2][-]{subsection.4.3}{Catalan Number}{section.4}% 16
\BOOKMARK [2][-]{subsection.4.4}{Euler Totient}{section.4}% 17
\BOOKMARK [2][-]{subsection.4.5}{Gaussian Elimination}{section.4}% 18
\BOOKMARK [2][-]{subsection.4.6}{Greatest common divisor}{section.4}% 19
\BOOKMARK [2][-]{subsection.4.7}{Lowest Common Multiple}{section.4}% 20
\BOOKMARK [2][-]{subsection.4.8}{Prime Factorization}{section.4}% 21
\BOOKMARK [2][-]{subsection.4.9}{Sieve of Eratosthenes}{section.4}% 22
\BOOKMARK [1][-]{section.5}{String}{}% 23
\BOOKMARK [2][-]{subsection.5.1}{KMP's Algorithm}{section.5}% 24
\BOOKMARK [1][-]{section.6}{Tips and formulas}{}% 25
\BOOKMARK [2][-]{subsection.6.1}{Catalan Number}{section.6}% 26
\BOOKMARK [2][-]{subsection.6.2}{Euclidean Distance}{section.6}% 27
\BOOKMARK [2][-]{subsection.6.3}{Tabla ASCII}{section.6}% 28
\BOOKMARK [2][-]{subsection.6.4}{Permutation and combination}{section.6}% 29
\BOOKMARK [2][-]{subsection.6.5}{Time Complexities}{section.6}% 30
\BOOKMARK [2][-]{subsection.6.6}{mod: properties}{section.6}% 31
